<?xml version="1.0" encoding="UTF-8"?>
<!-- Generated by org.testng.reporters.JUnitReportReporter -->
<testsuite hostname="admin1-H110M-H" failures="0" tests="17" name="com.bridgelabz.fundoonotes.restassuredtest.NoteServiceRestAssuredApiTest" time="0.446" errors="0" timestamp="2019-12-12T15:14:54 IST" skipped="0">
  <testcase classname="com.bridgelabz.fundoonotes.restassuredtest.NoteServiceRestAssuredApiTest" name="editReminderApiTest" time="0.013"/>
  <testcase classname="com.bridgelabz.fundoonotes.restassuredtest.NoteServiceRestAssuredApiTest" name="updateNoteApiTest" time="0.025"/>
  <testcase classname="com.bridgelabz.fundoonotes.restassuredtest.NoteServiceRestAssuredApiTest" name="sortNoteByTitleAscApiTest" time="0.008"/>
  <testcase classname="com.bridgelabz.fundoonotes.restassuredtest.NoteServiceRestAssuredApiTest" name="removeCollaboratorApiTest" time="0.026"/>
  <testcase classname="com.bridgelabz.fundoonotes.restassuredtest.NoteServiceRestAssuredApiTest" name="addNoteApiTest" time="0.024"/>
  <testcase classname="com.bridgelabz.fundoonotes.restassuredtest.NoteServiceRestAssuredApiTest" name="findNoteApiTest" time="0.016"/>
  <testcase classname="com.bridgelabz.fundoonotes.restassuredtest.NoteServiceRestAssuredApiTest" name="isPinApiTest" time="0.028"/>
  <testcase classname="com.bridgelabz.fundoonotes.restassuredtest.NoteServiceRestAssuredApiTest" name="isTrashApiTest" time="0.045"/>
  <testcase classname="com.bridgelabz.fundoonotes.restassuredtest.NoteServiceRestAssuredApiTest" name="archiveApiTest" time="0.029"/>
  <testcase classname="com.bridgelabz.fundoonotes.restassuredtest.NoteServiceRestAssuredApiTest" name="deleteNoteApiTest" time="0.026"/>
  <testcase classname="com.bridgelabz.fundoonotes.restassuredtest.NoteServiceRestAssuredApiTest" name="removeReminderApiTest" time="0.023"/>
  <testcase classname="com.bridgelabz.fundoonotes.restassuredtest.NoteServiceRestAssuredApiTest" name="sortNoteByTitleDescApiTest" time="0.008"/>
  <testcase classname="com.bridgelabz.fundoonotes.restassuredtest.NoteServiceRestAssuredApiTest" name="showNotesApiTest" time="0.013"/>
  <testcase classname="com.bridgelabz.fundoonotes.restassuredtest.NoteServiceRestAssuredApiTest" name="sortNoteByDateAscApiTest" time="0.013"/>
  <testcase classname="com.bridgelabz.fundoonotes.restassuredtest.NoteServiceRestAssuredApiTest" name="sortNoteByDateDescApiTest" time="0.013"/>
  <testcase classname="com.bridgelabz.fundoonotes.restassuredtest.NoteServiceRestAssuredApiTest" name="addCollaboratorApiTest" time="0.025"/>
  <testcase classname="com.bridgelabz.fundoonotes.restassuredtest.NoteServiceRestAssuredApiTest" name="addReminderApiTest" time="0.111"/>
</testsuite> <!-- com.bridgelabz.fundoonotes.restassuredtest.NoteServiceRestAssuredApiTest -->
