<?xml version="1.0" encoding="UTF-8"?>
<!-- Generated by org.testng.reporters.JUnitReportReporter -->
<testsuite hostname="admin1-H110M-H" failures="0" tests="6" name="com.bridgelabz.fundoonotes.restassuredtest.LabelServiceRestAssuredApiTest" time="0.104" errors="0" timestamp="2019-12-12T15:14:54 IST" skipped="0">
  <testcase classname="com.bridgelabz.fundoonotes.restassuredtest.LabelServiceRestAssuredApiTest" name="addLabelToNoteApiTest" time="0.037"/>
  <testcase classname="com.bridgelabz.fundoonotes.restassuredtest.LabelServiceRestAssuredApiTest" name="showLabelsApiTest" time="0.010"/>
  <testcase classname="com.bridgelabz.fundoonotes.restassuredtest.LabelServiceRestAssuredApiTest" name="findLabelByIdApiTest" time="0.012"/>
  <testcase classname="com.bridgelabz.fundoonotes.restassuredtest.LabelServiceRestAssuredApiTest" name="updateLabelApiTest" time="0.016"/>
  <testcase classname="com.bridgelabz.fundoonotes.restassuredtest.LabelServiceRestAssuredApiTest" name="addLabelApiTest" time="0.017"/>
  <testcase classname="com.bridgelabz.fundoonotes.restassuredtest.LabelServiceRestAssuredApiTest" name="deleteLabelApiTest" time="0.012"/>
</testsuite> <!-- com.bridgelabz.fundoonotes.restassuredtest.LabelServiceRestAssuredApiTest -->
