<?xml version="1.0" encoding="UTF-8"?>
<!-- Generated by org.testng.reporters.JUnitReportReporter -->
<testsuite hostname="admin1-H110M-H" failures="0" tests="7" name="com.bridgelabz.fundoonotes.restassuredtest.UserServiceRestAssuredApiTest" time="1.364" errors="0" timestamp="2019-12-12T15:14:54 IST" skipped="0">
  <testcase classname="com.bridgelabz.fundoonotes.restassuredtest.UserServiceRestAssuredApiTest" name="deleteUserApiTest" time="0.036"/>
  <testcase classname="com.bridgelabz.fundoonotes.restassuredtest.UserServiceRestAssuredApiTest" name="resetPasswordTest" time="0.105"/>
  <testcase classname="com.bridgelabz.fundoonotes.restassuredtest.UserServiceRestAssuredApiTest" name="loginApiTest" time="0.118"/>
  <testcase classname="com.bridgelabz.fundoonotes.restassuredtest.UserServiceRestAssuredApiTest" name="showUsersApiTest" time="0.014"/>
  <testcase classname="com.bridgelabz.fundoonotes.restassuredtest.UserServiceRestAssuredApiTest" name="addUserApiTest" time="1.057"/>
  <testcase classname="com.bridgelabz.fundoonotes.restassuredtest.UserServiceRestAssuredApiTest" name="findUserApiTest" time="0.019"/>
  <testcase classname="com.bridgelabz.fundoonotes.restassuredtest.UserServiceRestAssuredApiTest" name="updateUserApiTest" time="0.015"/>
</testsuite> <!-- com.bridgelabz.fundoonotes.restassuredtest.UserServiceRestAssuredApiTest -->
